Analysis & Synthesis report for computer
Wed Jul 01 11:53:50 2020
Quartus II 64-Bit Version 13.0.0 Build 156 04/24/2013 SJ Web Edition


---------------------
; Table of Contents ;
---------------------
  1. Legal Notice
  2. Analysis & Synthesis Summary
  3. Analysis & Synthesis Settings
  4. Parallel Compilation
  5. Analysis & Synthesis Source Files Read
  6. Analysis & Synthesis Resource Usage Summary
  7. Analysis & Synthesis Resource Utilization by Entity
  8. Analysis & Synthesis RAM Summary
  9. Logic Cells Representing Combinational Loops
 10. General Register Statistics
 11. Inverted Register Statistics
 12. Multiplexer Restructuring Statistics (Restructuring Performed)
 13. Source assignments for cpu:cpu_instance|IF:if_stage|instruction_memory:instruction_memory_instance|rom:rom_instance|altsyncram:altsyncram_component|altsyncram_lva1:auto_generated
 14. Source assignments for cpu:cpu_instance|MEM:mem_stage|data_memory:data_memory_instance|ram:ram_instance|altsyncram:altsyncram_component|altsyncram_oee1:auto_generated
 15. Parameter Settings for User Entity Instance: cpu:cpu_instance|IF:if_stage|instruction_memory:instruction_memory_instance|rom:rom_instance|altsyncram:altsyncram_component
 16. Parameter Settings for User Entity Instance: cpu:cpu_instance|MEM:mem_stage|data_memory:data_memory_instance|ram:ram_instance|altsyncram:altsyncram_component
 17. altsyncram Parameter Settings by Entity Instance
 18. Port Connectivity Checks: "cpu:cpu_instance|WB:wb_stage|selector_4x32:wb_data_selector"
 19. Port Connectivity Checks: "cpu:cpu_instance|ID:id_stage|selector_2x32:alu_parameter_selector1"
 20. Port Connectivity Checks: "cpu:cpu_instance|ID:id_stage|selector_4x32:jump_pc_selector"
 21. Port Connectivity Checks: "cpu:cpu_instance|selector_4x32:forward_data_selector"
 22. Elapsed Time Per Partition
 23. Analysis & Synthesis Messages



----------------
; Legal Notice ;
----------------
Copyright (C) 1991-2013 Altera Corporation
Your use of Altera Corporation's design tools, logic functions 
and other software and tools, and its AMPP partner logic 
functions, and any output files from any of the foregoing 
(including device programming or simulation files), and any 
associated documentation or information are expressly subject 
to the terms and conditions of the Altera Program License 
Subscription Agreement, Altera MegaCore Function License 
Agreement, or other applicable license agreement, including, 
without limitation, that your use is for the sole purpose of 
programming logic devices manufactured by Altera and sold by 
Altera or its authorized distributors.  Please refer to the 
applicable agreement for further details.



+---------------------------------------------------------------------------------+
; Analysis & Synthesis Summary                                                    ;
+------------------------------------+--------------------------------------------+
; Analysis & Synthesis Status        ; Successful - Wed Jul 01 11:53:50 2020      ;
; Quartus II 64-Bit Version          ; 13.0.0 Build 156 04/24/2013 SJ Web Edition ;
; Revision Name                      ; computer                                   ;
; Top-level Entity Name              ; computer                                   ;
; Family                             ; Cyclone II                                 ;
; Total logic elements               ; 3,944                                      ;
;     Total combinational functions  ; 2,772                                      ;
;     Dedicated logic registers      ; 1,471                                      ;
; Total registers                    ; 1471                                       ;
; Total pins                         ; 66                                         ;
; Total virtual pins                 ; 0                                          ;
; Total memory bits                  ; 3,072                                      ;
; Embedded Multiplier 9-bit elements ; 0                                          ;
; Total PLLs                         ; 0                                          ;
+------------------------------------+--------------------------------------------+


+----------------------------------------------------------------------------------------------------------------------+
; Analysis & Synthesis Settings                                                                                        ;
+----------------------------------------------------------------------------+--------------------+--------------------+
; Option                                                                     ; Setting            ; Default Value      ;
+----------------------------------------------------------------------------+--------------------+--------------------+
; Top-level entity name                                                      ; computer           ; computer           ;
; Family name                                                                ; Cyclone II         ; Cyclone IV GX      ;
; Use smart compilation                                                      ; Off                ; Off                ;
; Enable parallel Assembler and TimeQuest Timing Analyzer during compilation ; On                 ; On                 ;
; Enable compact report table                                                ; Off                ; Off                ;
; Restructure Multiplexers                                                   ; Auto               ; Auto               ;
; Create Debugging Nodes for IP Cores                                        ; Off                ; Off                ;
; Preserve fewer node names                                                  ; On                 ; On                 ;
; Disable OpenCore Plus hardware evaluation                                  ; Off                ; Off                ;
; Verilog Version                                                            ; Verilog_2001       ; Verilog_2001       ;
; VHDL Version                                                               ; VHDL_1993          ; VHDL_1993          ;
; State Machine Processing                                                   ; Auto               ; Auto               ;
; Safe State Machine                                                         ; Off                ; Off                ;
; Extract Verilog State Machines                                             ; On                 ; On                 ;
; Extract VHDL State Machines                                                ; On                 ; On                 ;
; Ignore Verilog initial constructs                                          ; Off                ; Off                ;
; Iteration limit for constant Verilog loops                                 ; 5000               ; 5000               ;
; Iteration limit for non-constant Verilog loops                             ; 250                ; 250                ;
; Add Pass-Through Logic to Inferred RAMs                                    ; On                 ; On                 ;
; Infer RAMs from Raw Logic                                                  ; On                 ; On                 ;
; Parallel Synthesis                                                         ; On                 ; On                 ;
; DSP Block Balancing                                                        ; Auto               ; Auto               ;
; NOT Gate Push-Back                                                         ; On                 ; On                 ;
; Power-Up Don't Care                                                        ; On                 ; On                 ;
; Remove Redundant Logic Cells                                               ; Off                ; Off                ;
; Remove Duplicate Registers                                                 ; On                 ; On                 ;
; Ignore CARRY Buffers                                                       ; Off                ; Off                ;
; Ignore CASCADE Buffers                                                     ; Off                ; Off                ;
; Ignore GLOBAL Buffers                                                      ; Off                ; Off                ;
; Ignore ROW GLOBAL Buffers                                                  ; Off                ; Off                ;
; Ignore LCELL Buffers                                                       ; Off                ; Off                ;
; Ignore SOFT Buffers                                                        ; On                 ; On                 ;
; Limit AHDL Integers to 32 Bits                                             ; Off                ; Off                ;
; Optimization Technique                                                     ; Balanced           ; Balanced           ;
; Carry Chain Length                                                         ; 70                 ; 70                 ;
; Auto Carry Chains                                                          ; On                 ; On                 ;
; Auto Open-Drain Pins                                                       ; On                 ; On                 ;
; Perform WYSIWYG Primitive Resynthesis                                      ; Off                ; Off                ;
; Auto ROM Replacement                                                       ; On                 ; On                 ;
; Auto RAM Replacement                                                       ; On                 ; On                 ;
; Auto Shift Register Replacement                                            ; Auto               ; Auto               ;
; Allow Shift Register Merging across Hierarchies                            ; Auto               ; Auto               ;
; Auto Clock Enable Replacement                                              ; On                 ; On                 ;
; Strict RAM Replacement                                                     ; Off                ; Off                ;
; Allow Synchronous Control Signals                                          ; On                 ; On                 ;
; Force Use of Synchronous Clear Signals                                     ; Off                ; Off                ;
; Auto RAM to Logic Cell Conversion                                          ; Off                ; Off                ;
; Auto Resource Sharing                                                      ; Off                ; Off                ;
; Allow Any RAM Size For Recognition                                         ; Off                ; Off                ;
; Allow Any ROM Size For Recognition                                         ; Off                ; Off                ;
; Allow Any Shift Register Size For Recognition                              ; Off                ; Off                ;
; Use LogicLock Constraints during Resource Balancing                        ; On                 ; On                 ;
; Ignore translate_off and synthesis_off directives                          ; Off                ; Off                ;
; Timing-Driven Synthesis                                                    ; Off                ; Off                ;
; Report Parameter Settings                                                  ; On                 ; On                 ;
; Report Source Assignments                                                  ; On                 ; On                 ;
; Report Connectivity Checks                                                 ; On                 ; On                 ;
; Ignore Maximum Fan-Out Assignments                                         ; Off                ; Off                ;
; Synchronization Register Chain Length                                      ; 2                  ; 2                  ;
; PowerPlay Power Optimization                                               ; Normal compilation ; Normal compilation ;
; HDL message level                                                          ; Level2             ; Level2             ;
; Suppress Register Optimization Related Messages                            ; Off                ; Off                ;
; Number of Removed Registers Reported in Synthesis Report                   ; 5000               ; 5000               ;
; Number of Swept Nodes Reported in Synthesis Report                         ; 5000               ; 5000               ;
; Number of Inverted Registers Reported in Synthesis Report                  ; 100                ; 100                ;
; Clock MUX Protection                                                       ; On                 ; On                 ;
; Auto Gated Clock Conversion                                                ; Off                ; Off                ;
; Block Design Naming                                                        ; Auto               ; Auto               ;
; SDC constraint protection                                                  ; Off                ; Off                ;
; Synthesis Effort                                                           ; Auto               ; Auto               ;
; Shift Register Replacement - Allow Asynchronous Clear Signal               ; On                 ; On                 ;
; Pre-Mapping Resynthesis Optimization                                       ; Off                ; Off                ;
; Analysis & Synthesis Message Level                                         ; Medium             ; Medium             ;
; Disable Register Merging Across Hierarchies                                ; Auto               ; Auto               ;
; Resource Aware Inference For Block RAM                                     ; On                 ; On                 ;
; Synthesis Seed                                                             ; 1                  ; 1                  ;
+----------------------------------------------------------------------------+--------------------+--------------------+


Parallel compilation was disabled, but you have multiple processors available. Enable parallel compilation to reduce compilation time.
+-------------------------------------+
; Parallel Compilation                ;
+----------------------------+--------+
; Processors                 ; Number ;
+----------------------------+--------+
; Number detected on machine ; 12     ;
; Maximum allowed            ; 1      ;
+----------------------------+--------+


+------------------------------------------------------------------------------------------------------------------------------------------------------------------------------+
; Analysis & Synthesis Source Files Read                                                                                                                                       ;
+----------------------------------+-----------------+----------------------------------------+----------------------------------------------------------------------+---------+
; File Name with User-Entered Path ; Used in Netlist ; File Type                              ; File Name with Absolute Path                                         ; Library ;
+----------------------------------+-----------------+----------------------------------------+----------------------------------------------------------------------+---------+
; cu.v                             ; yes             ; User Verilog HDL File                  ; E:/Project/Verilog/computer/cu.v                                     ;         ;
; selector_2x32.v                  ; yes             ; User Verilog HDL File                  ; E:/Project/Verilog/computer/selector_2x32.v                          ;         ;
; computer.v                       ; yes             ; User Verilog HDL File                  ; E:/Project/Verilog/computer/computer.v                               ;         ;
; data_memory.v                    ; yes             ; User Verilog HDL File                  ; E:/Project/Verilog/computer/data_memory.v                            ;         ;
; alu.v                            ; yes             ; User Verilog HDL File                  ; E:/Project/Verilog/computer/alu.v                                    ;         ;
; io.v                             ; yes             ; User Verilog HDL File                  ; E:/Project/Verilog/computer/io.v                                     ;         ;
; ram.v                            ; yes             ; User Verilog HDL File                  ; E:/Project/Verilog/computer/ram.v                                    ;         ;
; cpu.v                            ; yes             ; User Verilog HDL File                  ; E:/Project/Verilog/computer/cpu.v                                    ;         ;
; instruction_memory.v             ; yes             ; User Verilog HDL File                  ; E:/Project/Verilog/computer/instruction_memory.v                     ;         ;
; rom.v                            ; yes             ; User Verilog HDL File                  ; E:/Project/Verilog/computer/rom.v                                    ;         ;
; registers.v                      ; yes             ; User Verilog HDL File                  ; E:/Project/Verilog/computer/registers.v                              ;         ;
; if.v                             ; yes             ; User Verilog HDL File                  ; E:/Project/Verilog/computer/if.v                                     ;         ;
; id.v                             ; yes             ; User Verilog HDL File                  ; E:/Project/Verilog/computer/id.v                                     ;         ;
; mem.v                            ; yes             ; User Verilog HDL File                  ; E:/Project/Verilog/computer/mem.v                                    ;         ;
; wb.v                             ; yes             ; User Verilog HDL File                  ; E:/Project/Verilog/computer/wb.v                                     ;         ;
; selector_4x32.v                  ; yes             ; User Verilog HDL File                  ; E:/Project/Verilog/computer/selector_4x32.v                          ;         ;
; ex.v                             ; yes             ; User Verilog HDL File                  ; E:/Project/Verilog/computer/ex.v                                     ;         ;
; altsyncram.tdf                   ; yes             ; Megafunction                           ; c:/altera/13.0/quartus/libraries/megafunctions/altsyncram.tdf        ;         ;
; stratix_ram_block.inc            ; yes             ; Megafunction                           ; c:/altera/13.0/quartus/libraries/megafunctions/stratix_ram_block.inc ;         ;
; lpm_mux.inc                      ; yes             ; Megafunction                           ; c:/altera/13.0/quartus/libraries/megafunctions/lpm_mux.inc           ;         ;
; lpm_decode.inc                   ; yes             ; Megafunction                           ; c:/altera/13.0/quartus/libraries/megafunctions/lpm_decode.inc        ;         ;
; aglobal130.inc                   ; yes             ; Megafunction                           ; c:/altera/13.0/quartus/libraries/megafunctions/aglobal130.inc        ;         ;
; a_rdenreg.inc                    ; yes             ; Megafunction                           ; c:/altera/13.0/quartus/libraries/megafunctions/a_rdenreg.inc         ;         ;
; altrom.inc                       ; yes             ; Megafunction                           ; c:/altera/13.0/quartus/libraries/megafunctions/altrom.inc            ;         ;
; altram.inc                       ; yes             ; Megafunction                           ; c:/altera/13.0/quartus/libraries/megafunctions/altram.inc            ;         ;
; altdpram.inc                     ; yes             ; Megafunction                           ; c:/altera/13.0/quartus/libraries/megafunctions/altdpram.inc          ;         ;
; db/altsyncram_lva1.tdf           ; yes             ; Auto-Generated Megafunction            ; E:/Project/Verilog/computer/db/altsyncram_lva1.tdf                   ;         ;
; rom.mif                          ; yes             ; Auto-Found Memory Initialization File  ; E:/Project/Verilog/computer/rom.mif                                  ;         ;
; db/altsyncram_oee1.tdf           ; yes             ; Auto-Generated Megafunction            ; E:/Project/Verilog/computer/db/altsyncram_oee1.tdf                   ;         ;
; ram.mif                          ; yes             ; Auto-Found Memory Initialization File  ; E:/Project/Verilog/computer/ram.mif                                  ;         ;
+----------------------------------+-----------------+----------------------------------------+----------------------------------------------------------------------+---------+


+-----------------------------------------------------+
; Analysis & Synthesis Resource Usage Summary         ;
+---------------------------------------------+-------+
; Resource                                    ; Usage ;
+---------------------------------------------+-------+
; Estimated Total logic elements              ; 3,944 ;
;                                             ;       ;
; Total combinational functions               ; 2772  ;
; Logic element usage by number of LUT inputs ;       ;
;     -- 4 input functions                    ; 2033  ;
;     -- 3 input functions                    ; 383   ;
;     -- <=2 input functions                  ; 356   ;
;                                             ;       ;
; Logic elements by mode                      ;       ;
;     -- normal mode                          ; 2537  ;
;     -- arithmetic mode                      ; 235   ;
;                                             ;       ;
; Total registers                             ; 1471  ;
;     -- Dedicated logic registers            ; 1471  ;
;     -- I/O registers                        ; 0     ;
;                                             ;       ;
; I/O pins                                    ; 66    ;
; Total memory bits                           ; 3072  ;
; Embedded Multiplier 9-bit elements          ; 0     ;
; Maximum fan-out node                        ; clock ;
; Maximum fan-out                             ; 1535  ;
; Total fan-out                               ; 15972 ;
; Average fan-out                             ; 3.65  ;
+---------------------------------------------+-------+


+--------------------------------------------------------------------------------------------------------------------------------------------------------------------------------------------------------------------------------------------------------------------------------------------------------------------------------------------------------------+
; Analysis & Synthesis Resource Utilization by Entity                                                                                                                                                                                                                                                                                                          ;
+-----------------------------------------------------------+-------------------+--------------+-------------+--------------+---------+-----------+------+--------------+-----------------------------------------------------------------------------------------------------------------------------------------------------------------------+--------------+
; Compilation Hierarchy Node                                ; LC Combinationals ; LC Registers ; Memory Bits ; DSP Elements ; DSP 9x9 ; DSP 18x18 ; Pins ; Virtual Pins ; Full Hierarchy Name                                                                                                                                                   ; Library Name ;
+-----------------------------------------------------------+-------------------+--------------+-------------+--------------+---------+-----------+------+--------------+-----------------------------------------------------------------------------------------------------------------------------------------------------------------------+--------------+
; |computer                                                 ; 2772 (0)          ; 1471 (0)     ; 3072        ; 0            ; 0       ; 0         ; 66   ; 0            ; |computer                                                                                                                                                             ;              ;
;    |cpu:cpu_instance|                                     ; 2772 (30)         ; 1471 (32)    ; 3072        ; 0            ; 0       ; 0         ; 0    ; 0            ; |computer|cpu:cpu_instance                                                                                                                                            ;              ;
;       |EX:ex_stage|                                       ; 794 (0)           ; 105 (105)    ; 0           ; 0            ; 0       ; 0         ; 0    ; 0            ; |computer|cpu:cpu_instance|EX:ex_stage                                                                                                                                ;              ;
;          |alu:alu_instance|                               ; 794 (794)         ; 0 (0)        ; 0           ; 0            ; 0       ; 0         ; 0    ; 0            ; |computer|cpu:cpu_instance|EX:ex_stage|alu:alu_instance                                                                                                               ;              ;
;       |ID:id_stage|                                       ; 1651 (209)        ; 1134 (142)   ; 0           ; 0            ; 0       ; 0         ; 0    ; 0            ; |computer|cpu:cpu_instance|ID:id_stage                                                                                                                                ;              ;
;          |cu:cu_instance|                                 ; 35 (35)           ; 0 (0)        ; 0           ; 0            ; 0       ; 0         ; 0    ; 0            ; |computer|cpu:cpu_instance|ID:id_stage|cu:cu_instance                                                                                                                 ;              ;
;          |registers:registers_instance|                   ; 38 (38)           ; 992 (992)    ; 0           ; 0            ; 0       ; 0         ; 0    ; 0            ; |computer|cpu:cpu_instance|ID:id_stage|registers:registers_instance                                                                                                   ;              ;
;          |selector_2x32:rs_data_selector|                 ; 684 (684)         ; 0 (0)        ; 0           ; 0            ; 0       ; 0         ; 0    ; 0            ; |computer|cpu:cpu_instance|ID:id_stage|selector_2x32:rs_data_selector                                                                                                 ;              ;
;          |selector_2x32:rt_data_selector|                 ; 685 (685)         ; 0 (0)        ; 0           ; 0            ; 0       ; 0         ; 0    ; 0            ; |computer|cpu:cpu_instance|ID:id_stage|selector_2x32:rt_data_selector                                                                                                 ;              ;
;       |IF:if_stage|                                       ; 128 (60)          ; 64 (64)      ; 2048        ; 0            ; 0       ; 0         ; 0    ; 0            ; |computer|cpu:cpu_instance|IF:if_stage                                                                                                                                ;              ;
;          |instruction_memory:instruction_memory_instance| ; 0 (0)             ; 0 (0)        ; 2048        ; 0            ; 0       ; 0         ; 0    ; 0            ; |computer|cpu:cpu_instance|IF:if_stage|instruction_memory:instruction_memory_instance                                                                                 ;              ;
;             |rom:rom_instance|                            ; 0 (0)             ; 0 (0)        ; 2048        ; 0            ; 0       ; 0         ; 0    ; 0            ; |computer|cpu:cpu_instance|IF:if_stage|instruction_memory:instruction_memory_instance|rom:rom_instance                                                                ;              ;
;                |altsyncram:altsyncram_component|          ; 0 (0)             ; 0 (0)        ; 2048        ; 0            ; 0       ; 0         ; 0    ; 0            ; |computer|cpu:cpu_instance|IF:if_stage|instruction_memory:instruction_memory_instance|rom:rom_instance|altsyncram:altsyncram_component                                ;              ;
;                   |altsyncram_lva1:auto_generated|        ; 0 (0)             ; 0 (0)        ; 2048        ; 0            ; 0       ; 0         ; 0    ; 0            ; |computer|cpu:cpu_instance|IF:if_stage|instruction_memory:instruction_memory_instance|rom:rom_instance|altsyncram:altsyncram_component|altsyncram_lva1:auto_generated ;              ;
;          |selector_2x32:selector_instance|                ; 68 (68)           ; 0 (0)        ; 0           ; 0            ; 0       ; 0         ; 0    ; 0            ; |computer|cpu:cpu_instance|IF:if_stage|selector_2x32:selector_instance                                                                                                ;              ;
;       |MEM:mem_stage|                                     ; 35 (0)            ; 136 (104)    ; 1024        ; 0            ; 0       ; 0         ; 0    ; 0            ; |computer|cpu:cpu_instance|MEM:mem_stage                                                                                                                              ;              ;
;          |data_memory:data_memory_instance|               ; 35 (1)            ; 32 (0)       ; 1024        ; 0            ; 0       ; 0         ; 0    ; 0            ; |computer|cpu:cpu_instance|MEM:mem_stage|data_memory:data_memory_instance                                                                                             ;              ;
;             |io:io_instance|                              ; 2 (2)             ; 32 (32)      ; 0           ; 0            ; 0       ; 0         ; 0    ; 0            ; |computer|cpu:cpu_instance|MEM:mem_stage|data_memory:data_memory_instance|io:io_instance                                                                              ;              ;
;             |ram:ram_instance|                            ; 0 (0)             ; 0 (0)        ; 1024        ; 0            ; 0       ; 0         ; 0    ; 0            ; |computer|cpu:cpu_instance|MEM:mem_stage|data_memory:data_memory_instance|ram:ram_instance                                                                            ;              ;
;                |altsyncram:altsyncram_component|          ; 0 (0)             ; 0 (0)        ; 1024        ; 0            ; 0       ; 0         ; 0    ; 0            ; |computer|cpu:cpu_instance|MEM:mem_stage|data_memory:data_memory_instance|ram:ram_instance|altsyncram:altsyncram_component                                            ;              ;
;                   |altsyncram_oee1:auto_generated|        ; 0 (0)             ; 0 (0)        ; 1024        ; 0            ; 0       ; 0         ; 0    ; 0            ; |computer|cpu:cpu_instance|MEM:mem_stage|data_memory:data_memory_instance|ram:ram_instance|altsyncram:altsyncram_component|altsyncram_oee1:auto_generated             ;              ;
;             |selector_2x32:selector_instance|             ; 32 (32)           ; 0 (0)        ; 0           ; 0            ; 0       ; 0         ; 0    ; 0            ; |computer|cpu:cpu_instance|MEM:mem_stage|data_memory:data_memory_instance|selector_2x32:selector_instance                                                             ;              ;
;       |WB:wb_stage|                                       ; 64 (0)            ; 0 (0)        ; 0           ; 0            ; 0       ; 0         ; 0    ; 0            ; |computer|cpu:cpu_instance|WB:wb_stage                                                                                                                                ;              ;
;          |selector_4x32:wb_data_selector|                 ; 64 (64)           ; 0 (0)        ; 0           ; 0            ; 0       ; 0         ; 0    ; 0            ; |computer|cpu:cpu_instance|WB:wb_stage|selector_4x32:wb_data_selector                                                                                                 ;              ;
;       |selector_4x32:forward_data_selector|               ; 70 (70)           ; 0 (0)        ; 0           ; 0            ; 0       ; 0         ; 0    ; 0            ; |computer|cpu:cpu_instance|selector_4x32:forward_data_selector                                                                                                        ;              ;
+-----------------------------------------------------------+-------------------+--------------+-------------+--------------+---------+-----------+------+--------------+-----------------------------------------------------------------------------------------------------------------------------------------------------------------------+--------------+
Note: For table entries with two numbers listed, the numbers in parentheses indicate the number of resources of the given type used by the specific entity alone. The numbers listed outside of parentheses indicate the total resources of the given type used by the specific entity and all of its sub-entities in the hierarchy.


+--------------------------------------------------------------------------------------------------------------------------------------------------------------------------------------------------------------------------------------------------------------------------+
; Analysis & Synthesis RAM Summary                                                                                                                                                                                                                                         ;
+------------------------------------------------------------------------------------------------------------------------------------------------------------------------+------+-------------+--------------+--------------+--------------+--------------+------+---------+
; Name                                                                                                                                                                   ; Type ; Mode        ; Port A Depth ; Port A Width ; Port B Depth ; Port B Width ; Size ; MIF     ;
+------------------------------------------------------------------------------------------------------------------------------------------------------------------------+------+-------------+--------------+--------------+--------------+--------------+------+---------+
; cpu:cpu_instance|IF:if_stage|instruction_memory:instruction_memory_instance|rom:rom_instance|altsyncram:altsyncram_component|altsyncram_lva1:auto_generated|ALTSYNCRAM ; M4K  ; ROM         ; 64           ; 32           ; --           ; --           ; 2048 ; rom.mif ;
; cpu:cpu_instance|MEM:mem_stage|data_memory:data_memory_instance|ram:ram_instance|altsyncram:altsyncram_component|altsyncram_oee1:auto_generated|ALTSYNCRAM             ; M4K  ; Single Port ; 32           ; 32           ; --           ; --           ; 1024 ; ram.mif ;
+------------------------------------------------------------------------------------------------------------------------------------------------------------------------+------+-------------+--------------+--------------+--------------+--------------+------+---------+


+--------------------------------------------------------------+
; Logic Cells Representing Combinational Loops                 ;
+---------------------------------------------------------+----+
; Logic Cell Name                                         ;    ;
+---------------------------------------------------------+----+
; cpu:cpu_instance|EX:ex_stage|alu:alu_instance|result[0] ;    ;
; cpu:cpu_instance|EX:ex_stage|alu:alu_instance|Mux30~0   ;    ;
; cpu:cpu_instance|EX:ex_stage|alu:alu_instance|Mux29~0   ;    ;
; cpu:cpu_instance|EX:ex_stage|alu:alu_instance|Mux28~0   ;    ;
; cpu:cpu_instance|EX:ex_stage|alu:alu_instance|Mux27~0   ;    ;
; cpu:cpu_instance|EX:ex_stage|alu:alu_instance|Mux26~0   ;    ;
; cpu:cpu_instance|EX:ex_stage|alu:alu_instance|Mux25~0   ;    ;
; cpu:cpu_instance|EX:ex_stage|alu:alu_instance|Mux24~0   ;    ;
; cpu:cpu_instance|EX:ex_stage|alu:alu_instance|Mux23~0   ;    ;
; cpu:cpu_instance|EX:ex_stage|alu:alu_instance|Mux22~0   ;    ;
; cpu:cpu_instance|EX:ex_stage|alu:alu_instance|Mux21~0   ;    ;
; cpu:cpu_instance|EX:ex_stage|alu:alu_instance|Mux20~0   ;    ;
; cpu:cpu_instance|EX:ex_stage|alu:alu_instance|Mux19~0   ;    ;
; cpu:cpu_instance|EX:ex_stage|alu:alu_instance|Mux18~0   ;    ;
; cpu:cpu_instance|EX:ex_stage|alu:alu_instance|Mux17~0   ;    ;
; cpu:cpu_instance|EX:ex_stage|alu:alu_instance|Mux16~0   ;    ;
; cpu:cpu_instance|EX:ex_stage|alu:alu_instance|Mux15~0   ;    ;
; cpu:cpu_instance|EX:ex_stage|alu:alu_instance|Mux14~0   ;    ;
; cpu:cpu_instance|EX:ex_stage|alu:alu_instance|Mux13~0   ;    ;
; cpu:cpu_instance|EX:ex_stage|alu:alu_instance|Mux12~0   ;    ;
; cpu:cpu_instance|EX:ex_stage|alu:alu_instance|Mux11~0   ;    ;
; cpu:cpu_instance|EX:ex_stage|alu:alu_instance|Mux10~0   ;    ;
; cpu:cpu_instance|EX:ex_stage|alu:alu_instance|Mux9~0    ;    ;
; cpu:cpu_instance|EX:ex_stage|alu:alu_instance|Mux8~0    ;    ;
; cpu:cpu_instance|EX:ex_stage|alu:alu_instance|Mux7~0    ;    ;
; cpu:cpu_instance|EX:ex_stage|alu:alu_instance|Mux6~0    ;    ;
; cpu:cpu_instance|EX:ex_stage|alu:alu_instance|Mux5~0    ;    ;
; cpu:cpu_instance|EX:ex_stage|alu:alu_instance|Mux4~0    ;    ;
; cpu:cpu_instance|EX:ex_stage|alu:alu_instance|Mux3~0    ;    ;
; cpu:cpu_instance|EX:ex_stage|alu:alu_instance|Mux2~0    ;    ;
; cpu:cpu_instance|EX:ex_stage|alu:alu_instance|Mux1~0    ;    ;
; cpu:cpu_instance|EX:ex_stage|alu:alu_instance|Mux0~0    ;    ;
; Number of logic cells representing combinational loops  ; 32 ;
+---------------------------------------------------------+----+
Note: All cells listed above may not be present at the end of synthesis due to various synthesis optimizations.


+------------------------------------------------------+
; General Register Statistics                          ;
+----------------------------------------------+-------+
; Statistic                                    ; Value ;
+----------------------------------------------+-------+
; Total registers                              ; 1471  ;
; Number of registers using Synchronous Clear  ; 47    ;
; Number of registers using Synchronous Load   ; 0     ;
; Number of registers using Asynchronous Clear ; 1439  ;
; Number of registers using Asynchronous Load  ; 0     ;
; Number of registers using Clock Enable       ; 1056  ;
; Number of registers using Preset             ; 0     ;
+----------------------------------------------+-------+


+---------------------------------------------------+
; Inverted Register Statistics                      ;
+-----------------------------------------+---------+
; Inverted Register                       ; Fan out ;
+-----------------------------------------+---------+
; cpu:cpu_instance|old_pc[2]              ; 2       ;
; cpu:cpu_instance|old_pc[3]              ; 2       ;
; cpu:cpu_instance|old_pc[4]              ; 1       ;
; cpu:cpu_instance|old_pc[5]              ; 1       ;
; cpu:cpu_instance|old_pc[6]              ; 1       ;
; cpu:cpu_instance|old_pc[7]              ; 1       ;
; cpu:cpu_instance|old_pc[8]              ; 1       ;
; cpu:cpu_instance|old_pc[9]              ; 1       ;
; cpu:cpu_instance|old_pc[10]             ; 1       ;
; cpu:cpu_instance|old_pc[11]             ; 1       ;
; cpu:cpu_instance|old_pc[12]             ; 1       ;
; cpu:cpu_instance|old_pc[13]             ; 1       ;
; cpu:cpu_instance|old_pc[14]             ; 1       ;
; cpu:cpu_instance|old_pc[15]             ; 1       ;
; cpu:cpu_instance|old_pc[16]             ; 1       ;
; cpu:cpu_instance|old_pc[17]             ; 1       ;
; cpu:cpu_instance|old_pc[18]             ; 1       ;
; cpu:cpu_instance|old_pc[19]             ; 1       ;
; cpu:cpu_instance|old_pc[20]             ; 1       ;
; cpu:cpu_instance|old_pc[21]             ; 1       ;
; cpu:cpu_instance|old_pc[22]             ; 1       ;
; cpu:cpu_instance|old_pc[23]             ; 1       ;
; cpu:cpu_instance|old_pc[24]             ; 1       ;
; cpu:cpu_instance|old_pc[25]             ; 1       ;
; cpu:cpu_instance|old_pc[26]             ; 1       ;
; cpu:cpu_instance|old_pc[27]             ; 1       ;
; cpu:cpu_instance|old_pc[28]             ; 1       ;
; cpu:cpu_instance|old_pc[29]             ; 1       ;
; cpu:cpu_instance|old_pc[30]             ; 1       ;
; cpu:cpu_instance|old_pc[31]             ; 1       ;
; Total number of inverted registers = 30 ;         ;
+-----------------------------------------+---------+


+-------------------------------------------------------------------------------------------------------------------------------------------------------------------------------------------------+
; Multiplexer Restructuring Statistics (Restructuring Performed)                                                                                                                                  ;
+--------------------+-----------+---------------+----------------------+------------------------+------------+-----------------------------------------------------------------------------------+
; Multiplexer Inputs ; Bus Width ; Baseline Area ; Area if Restructured ; Saving if Restructured ; Registered ; Example Multiplexer Output                                                        ;
+--------------------+-----------+---------------+----------------------+------------------------+------------+-----------------------------------------------------------------------------------+
; 3:1                ; 32 bits   ; 64 LEs        ; 64 LEs               ; 0 LEs                  ; Yes        ; |computer|cpu:cpu_instance|ID:id_stage|id_ex_alu_parameter2[23]                   ;
; 3:1                ; 27 bits   ; 54 LEs        ; 27 LEs               ; 27 LEs                 ; Yes        ; |computer|cpu:cpu_instance|ID:id_stage|id_ex_alu_parameter1[15]                   ;
; 3:1                ; 5 bits    ; 10 LEs        ; 10 LEs               ; 0 LEs                  ; Yes        ; |computer|cpu:cpu_instance|ID:id_stage|id_ex_alu_parameter1[4]                    ;
; 4:1                ; 5 bits    ; 10 LEs        ; 10 LEs               ; 0 LEs                  ; Yes        ; |computer|cpu:cpu_instance|ID:id_stage|id_ex_register_number[4]                   ;
; 4:1                ; 32 bits   ; 64 LEs        ; 64 LEs               ; 0 LEs                  ; No         ; |computer|cpu:cpu_instance|selector_4x32:forward_data_selector|result[14]         ;
; 4:1                ; 32 bits   ; 64 LEs        ; 64 LEs               ; 0 LEs                  ; No         ; |computer|cpu:cpu_instance|WB:wb_stage|selector_4x32:wb_data_selector|result[18]  ;
; 5:1                ; 2 bits    ; 6 LEs         ; 4 LEs                ; 2 LEs                  ; No         ; |computer|cpu:cpu_instance|IF:if_stage|selector_2x32:selector_instance|result[0]  ;
; 5:1                ; 30 bits   ; 90 LEs        ; 60 LEs               ; 30 LEs                 ; No         ; |computer|cpu:cpu_instance|IF:if_stage|selector_2x32:selector_instance|result[14] ;
; 33:1               ; 32 bits   ; 704 LEs       ; 704 LEs              ; 0 LEs                  ; No         ; |computer|cpu:cpu_instance|ID:id_stage|selector_2x32:rs_data_selector|result[20]  ;
; 33:1               ; 32 bits   ; 704 LEs       ; 704 LEs              ; 0 LEs                  ; No         ; |computer|cpu:cpu_instance|ID:id_stage|selector_2x32:rt_data_selector|result[15]  ;
; 22:1               ; 7 bits    ; 98 LEs        ; 56 LEs               ; 42 LEs                 ; No         ; |computer|cpu:cpu_instance|EX:ex_stage|alu:alu_instance|Mux17                     ;
; 23:1               ; 7 bits    ; 105 LEs       ; 56 LEs               ; 49 LEs                 ; No         ; |computer|cpu:cpu_instance|EX:ex_stage|alu:alu_instance|Mux10                     ;
; 23:1               ; 4 bits    ; 60 LEs        ; 32 LEs               ; 28 LEs                 ; No         ; |computer|cpu:cpu_instance|EX:ex_stage|alu:alu_instance|Mux24                     ;
; 24:1               ; 4 bits    ; 64 LEs        ; 36 LEs               ; 28 LEs                 ; No         ; |computer|cpu:cpu_instance|EX:ex_stage|alu:alu_instance|Mux7                      ;
; 24:1               ; 2 bits    ; 32 LEs        ; 18 LEs               ; 14 LEs                 ; No         ; |computer|cpu:cpu_instance|EX:ex_stage|alu:alu_instance|Mux29                     ;
; 25:1               ; 2 bits    ; 32 LEs        ; 20 LEs               ; 12 LEs                 ; No         ; |computer|cpu:cpu_instance|EX:ex_stage|alu:alu_instance|Mux2                      ;
+--------------------+-----------+---------------+----------------------+------------------------+------------+-----------------------------------------------------------------------------------+


+------------------------------------------------------------------------------------------------------------------------------------------------------------------------------------+
; Source assignments for cpu:cpu_instance|IF:if_stage|instruction_memory:instruction_memory_instance|rom:rom_instance|altsyncram:altsyncram_component|altsyncram_lva1:auto_generated ;
+---------------------------------+--------------------+------+----------------------------------------------------------------------------------------------------------------------+
; Assignment                      ; Value              ; From ; To                                                                                                                   ;
+---------------------------------+--------------------+------+----------------------------------------------------------------------------------------------------------------------+
; OPTIMIZE_POWER_DURING_SYNTHESIS ; NORMAL_COMPILATION ; -    ; -                                                                                                                    ;
+---------------------------------+--------------------+------+----------------------------------------------------------------------------------------------------------------------+


+------------------------------------------------------------------------------------------------------------------------------------------------------------------------+
; Source assignments for cpu:cpu_instance|MEM:mem_stage|data_memory:data_memory_instance|ram:ram_instance|altsyncram:altsyncram_component|altsyncram_oee1:auto_generated ;
+---------------------------------+--------------------+------+----------------------------------------------------------------------------------------------------------+
; Assignment                      ; Value              ; From ; To                                                                                                       ;
+---------------------------------+--------------------+------+----------------------------------------------------------------------------------------------------------+
; OPTIMIZE_POWER_DURING_SYNTHESIS ; NORMAL_COMPILATION ; -    ; -                                                                                                        ;
+---------------------------------+--------------------+------+----------------------------------------------------------------------------------------------------------+


+---------------------------------------------------------------------------------------------------------------------------------------------------------------------------+
; Parameter Settings for User Entity Instance: cpu:cpu_instance|IF:if_stage|instruction_memory:instruction_memory_instance|rom:rom_instance|altsyncram:altsyncram_component ;
+------------------------------------+----------------------+---------------------------------------------------------------------------------------------------------------+
; Parameter Name                     ; Value                ; Type                                                                                                          ;
+------------------------------------+----------------------+---------------------------------------------------------------------------------------------------------------+
; BYTE_SIZE_BLOCK                    ; 8                    ; Untyped                                                                                                       ;
; AUTO_CARRY_CHAINS                  ; ON                   ; AUTO_CARRY                                                                                                    ;
; IGNORE_CARRY_BUFFERS               ; OFF                  ; IGNORE_CARRY                                                                                                  ;
; AUTO_CASCADE_CHAINS                ; ON                   ; AUTO_CASCADE                                                                                                  ;
; IGNORE_CASCADE_BUFFERS             ; OFF                  ; IGNORE_CASCADE                                                                                                ;
; WIDTH_BYTEENA                      ; 1                    ; Untyped                                                                                                       ;
; OPERATION_MODE                     ; ROM                  ; Untyped                                                                                                       ;
; WIDTH_A                            ; 32                   ; Signed Integer                                                                                                ;
; WIDTHAD_A                          ; 6                    ; Signed Integer                                                                                                ;
; NUMWORDS_A                         ; 64                   ; Signed Integer                                                                                                ;
; OUTDATA_REG_A                      ; UNREGISTERED         ; Untyped                                                                                                       ;
; ADDRESS_ACLR_A                     ; NONE                 ; Untyped                                                                                                       ;
; OUTDATA_ACLR_A                     ; NONE                 ; Untyped                                                                                                       ;
; WRCONTROL_ACLR_A                   ; NONE                 ; Untyped                                                                                                       ;
; INDATA_ACLR_A                      ; NONE                 ; Untyped                                                                                                       ;
; BYTEENA_ACLR_A                     ; NONE                 ; Untyped                                                                                                       ;
; WIDTH_B                            ; 1                    ; Untyped                                                                                                       ;
; WIDTHAD_B                          ; 1                    ; Untyped                                                                                                       ;
; NUMWORDS_B                         ; 1                    ; Untyped                                                                                                       ;
; INDATA_REG_B                       ; CLOCK1               ; Untyped                                                                                                       ;
; WRCONTROL_WRADDRESS_REG_B          ; CLOCK1               ; Untyped                                                                                                       ;
; RDCONTROL_REG_B                    ; CLOCK1               ; Untyped                                                                                                       ;
; ADDRESS_REG_B                      ; CLOCK1               ; Untyped                                                                                                       ;
; OUTDATA_REG_B                      ; UNREGISTERED         ; Untyped                                                                                                       ;
; BYTEENA_REG_B                      ; CLOCK1               ; Untyped                                                                                                       ;
; INDATA_ACLR_B                      ; NONE                 ; Untyped                                                                                                       ;
; WRCONTROL_ACLR_B                   ; NONE                 ; Untyped                                                                                                       ;
; ADDRESS_ACLR_B                     ; NONE                 ; Untyped                                                                                                       ;
; OUTDATA_ACLR_B                     ; NONE                 ; Untyped                                                                                                       ;
; RDCONTROL_ACLR_B                   ; NONE                 ; Untyped                                                                                                       ;
; BYTEENA_ACLR_B                     ; NONE                 ; Untyped                                                                                                       ;
; WIDTH_BYTEENA_A                    ; 1                    ; Signed Integer                                                                                                ;
; WIDTH_BYTEENA_B                    ; 1                    ; Untyped                                                                                                       ;
; RAM_BLOCK_TYPE                     ; M4K                  ; Untyped                                                                                                       ;
; BYTE_SIZE                          ; 8                    ; Untyped                                                                                                       ;
; READ_DURING_WRITE_MODE_MIXED_PORTS ; DONT_CARE            ; Untyped                                                                                                       ;
; READ_DURING_WRITE_MODE_PORT_A      ; NEW_DATA_NO_NBE_READ ; Untyped                                                                                                       ;
; READ_DURING_WRITE_MODE_PORT_B      ; NEW_DATA_NO_NBE_READ ; Untyped                                                                                                       ;
; INIT_FILE                          ; rom.mif              ; Untyped                                                                                                       ;
; INIT_FILE_LAYOUT                   ; PORT_A               ; Untyped                                                                                                       ;
; MAXIMUM_DEPTH                      ; 256                  ; Signed Integer                                                                                                ;
; CLOCK_ENABLE_INPUT_A               ; BYPASS               ; Untyped                                                                                                       ;
; CLOCK_ENABLE_INPUT_B               ; NORMAL               ; Untyped                                                                                                       ;
; CLOCK_ENABLE_OUTPUT_A              ; BYPASS               ; Untyped                                                                                                       ;
; CLOCK_ENABLE_OUTPUT_B              ; NORMAL               ; Untyped                                                                                                       ;
; CLOCK_ENABLE_CORE_A                ; USE_INPUT_CLKEN      ; Untyped                                                                                                       ;
; CLOCK_ENABLE_CORE_B                ; USE_INPUT_CLKEN      ; Untyped                                                                                                       ;
; ENABLE_ECC                         ; FALSE                ; Untyped                                                                                                       ;
; ECC_PIPELINE_STAGE_ENABLED         ; FALSE                ; Untyped                                                                                                       ;
; WIDTH_ECCSTATUS                    ; 3                    ; Untyped                                                                                                       ;
; DEVICE_FAMILY                      ; Cyclone II           ; Untyped                                                                                                       ;
; CBXI_PARAMETER                     ; altsyncram_lva1      ; Untyped                                                                                                       ;
+------------------------------------+----------------------+---------------------------------------------------------------------------------------------------------------+
Note: In order to hide this table in the UI and the text report file, please set the "Show Parameter Settings in Synthesis Report" option in "Analysis and Synthesis Settings -> More Settings" to "Off".


+---------------------------------------------------------------------------------------------------------------------------------------------------------------+
; Parameter Settings for User Entity Instance: cpu:cpu_instance|MEM:mem_stage|data_memory:data_memory_instance|ram:ram_instance|altsyncram:altsyncram_component ;
+------------------------------------+----------------------+---------------------------------------------------------------------------------------------------+
; Parameter Name                     ; Value                ; Type                                                                                              ;
+------------------------------------+----------------------+---------------------------------------------------------------------------------------------------+
; BYTE_SIZE_BLOCK                    ; 8                    ; Untyped                                                                                           ;
; AUTO_CARRY_CHAINS                  ; ON                   ; AUTO_CARRY                                                                                        ;
; IGNORE_CARRY_BUFFERS               ; OFF                  ; IGNORE_CARRY                                                                                      ;
; AUTO_CASCADE_CHAINS                ; ON                   ; AUTO_CASCADE                                                                                      ;
; IGNORE_CASCADE_BUFFERS             ; OFF                  ; IGNORE_CASCADE                                                                                    ;
; WIDTH_BYTEENA                      ; 1                    ; Untyped                                                                                           ;
; OPERATION_MODE                     ; SINGLE_PORT          ; Untyped                                                                                           ;
; WIDTH_A                            ; 32                   ; Signed Integer                                                                                    ;
; WIDTHAD_A                          ; 5                    ; Signed Integer                                                                                    ;
; NUMWORDS_A                         ; 32                   ; Signed Integer                                                                                    ;
; OUTDATA_REG_A                      ; UNREGISTERED         ; Untyped                                                                                           ;
; ADDRESS_ACLR_A                     ; NONE                 ; Untyped                                                                                           ;
; OUTDATA_ACLR_A                     ; NONE                 ; Untyped                                                                                           ;
; WRCONTROL_ACLR_A                   ; NONE                 ; Untyped                                                                                           ;
; INDATA_ACLR_A                      ; NONE                 ; Untyped                                                                                           ;
; BYTEENA_ACLR_A                     ; NONE                 ; Untyped                                                                                           ;
; WIDTH_B                            ; 1                    ; Untyped                                                                                           ;
; WIDTHAD_B                          ; 1                    ; Untyped                                                                                           ;
; NUMWORDS_B                         ; 1                    ; Untyped                                                                                           ;
; INDATA_REG_B                       ; CLOCK1               ; Untyped                                                                                           ;
; WRCONTROL_WRADDRESS_REG_B          ; CLOCK1               ; Untyped                                                                                           ;
; RDCONTROL_REG_B                    ; CLOCK1               ; Untyped                                                                                           ;
; ADDRESS_REG_B                      ; CLOCK1               ; Untyped                                                                                           ;
; OUTDATA_REG_B                      ; UNREGISTERED         ; Untyped                                                                                           ;
; BYTEENA_REG_B                      ; CLOCK1               ; Untyped                                                                                           ;
; INDATA_ACLR_B                      ; NONE                 ; Untyped                                                                                           ;
; WRCONTROL_ACLR_B                   ; NONE                 ; Untyped                                                                                           ;
; ADDRESS_ACLR_B                     ; NONE                 ; Untyped                                                                                           ;
; OUTDATA_ACLR_B                     ; NONE                 ; Untyped                                                                                           ;
; RDCONTROL_ACLR_B                   ; NONE                 ; Untyped                                                                                           ;
; BYTEENA_ACLR_B                     ; NONE                 ; Untyped                                                                                           ;
; WIDTH_BYTEENA_A                    ; 1                    ; Signed Integer                                                                                    ;
; WIDTH_BYTEENA_B                    ; 1                    ; Untyped                                                                                           ;
; RAM_BLOCK_TYPE                     ; M4K                  ; Untyped                                                                                           ;
; BYTE_SIZE                          ; 8                    ; Untyped                                                                                           ;
; READ_DURING_WRITE_MODE_MIXED_PORTS ; DONT_CARE            ; Untyped                                                                                           ;
; READ_DURING_WRITE_MODE_PORT_A      ; NEW_DATA_NO_NBE_READ ; Untyped                                                                                           ;
; READ_DURING_WRITE_MODE_PORT_B      ; NEW_DATA_NO_NBE_READ ; Untyped                                                                                           ;
; INIT_FILE                          ; ram.mif              ; Untyped                                                                                           ;
; INIT_FILE_LAYOUT                   ; PORT_A               ; Untyped                                                                                           ;
; MAXIMUM_DEPTH                      ; 0                    ; Untyped                                                                                           ;
; CLOCK_ENABLE_INPUT_A               ; BYPASS               ; Untyped                                                                                           ;
; CLOCK_ENABLE_INPUT_B               ; NORMAL               ; Untyped                                                                                           ;
; CLOCK_ENABLE_OUTPUT_A              ; BYPASS               ; Untyped                                                                                           ;
; CLOCK_ENABLE_OUTPUT_B              ; NORMAL               ; Untyped                                                                                           ;
; CLOCK_ENABLE_CORE_A                ; USE_INPUT_CLKEN      ; Untyped                                                                                           ;
; CLOCK_ENABLE_CORE_B                ; USE_INPUT_CLKEN      ; Untyped                                                                                           ;
; ENABLE_ECC                         ; FALSE                ; Untyped                                                                                           ;
; ECC_PIPELINE_STAGE_ENABLED         ; FALSE                ; Untyped                                                                                           ;
; WIDTH_ECCSTATUS                    ; 3                    ; Untyped                                                                                           ;
; DEVICE_FAMILY                      ; Cyclone II           ; Untyped                                                                                           ;
; CBXI_PARAMETER                     ; altsyncram_oee1      ; Untyped                                                                                           ;
+------------------------------------+----------------------+---------------------------------------------------------------------------------------------------+
Note: In order to hide this table in the UI and the text report file, please set the "Show Parameter Settings in Synthesis Report" option in "Analysis and Synthesis Settings -> More Settings" to "Off".


+--------------------------------------------------------------------------------------------------------------------------------------------------------------------------+
; altsyncram Parameter Settings by Entity Instance                                                                                                                         ;
+-------------------------------------------+------------------------------------------------------------------------------------------------------------------------------+
; Name                                      ; Value                                                                                                                        ;
+-------------------------------------------+------------------------------------------------------------------------------------------------------------------------------+
; Number of entity instances                ; 2                                                                                                                            ;
; Entity Instance                           ; cpu:cpu_instance|IF:if_stage|instruction_memory:instruction_memory_instance|rom:rom_instance|altsyncram:altsyncram_component ;
;     -- OPERATION_MODE                     ; ROM                                                                                                                          ;
;     -- WIDTH_A                            ; 32                                                                                                                           ;
;     -- NUMWORDS_A                         ; 64                                                                                                                           ;
;     -- OUTDATA_REG_A                      ; UNREGISTERED                                                                                                                 ;
;     -- WIDTH_B                            ; 1                                                                                                                            ;
;     -- NUMWORDS_B                         ; 1                                                                                                                            ;
;     -- ADDRESS_REG_B                      ; CLOCK1                                                                                                                       ;
;     -- OUTDATA_REG_B                      ; UNREGISTERED                                                                                                                 ;
;     -- RAM_BLOCK_TYPE                     ; M4K                                                                                                                          ;
;     -- READ_DURING_WRITE_MODE_MIXED_PORTS ; DONT_CARE                                                                                                                    ;
; Entity Instance                           ; cpu:cpu_instance|MEM:mem_stage|data_memory:data_memory_instance|ram:ram_instance|altsyncram:altsyncram_component             ;
;     -- OPERATION_MODE                     ; SINGLE_PORT                                                                                                                  ;
;     -- WIDTH_A                            ; 32                                                                                                                           ;
;     -- NUMWORDS_A                         ; 32                                                                                                                           ;
;     -- OUTDATA_REG_A                      ; UNREGISTERED                                                                                                                 ;
;     -- WIDTH_B                            ; 1                                                                                                                            ;
;     -- NUMWORDS_B                         ; 1                                                                                                                            ;
;     -- ADDRESS_REG_B                      ; CLOCK1                                                                                                                       ;
;     -- OUTDATA_REG_B                      ; UNREGISTERED                                                                                                                 ;
;     -- RAM_BLOCK_TYPE                     ; M4K                                                                                                                          ;
;     -- READ_DURING_WRITE_MODE_MIXED_PORTS ; DONT_CARE                                                                                                                    ;
+-------------------------------------------+------------------------------------------------------------------------------------------------------------------------------+


+--------------------------------------------------------------------------------------------------------------------------------------------------------------------------------+
; Port Connectivity Checks: "cpu:cpu_instance|WB:wb_stage|selector_4x32:wb_data_selector"                                                                                        ;
+---------+-------+----------+---------------------------------------------------------------------------------------------------------------------------------------------------+
; Port    ; Type  ; Severity ; Details                                                                                                                                           ;
+---------+-------+----------+---------------------------------------------------------------------------------------------------------------------------------------------------+
; source3 ; Input ; Warning  ; Input port expression (2 bits) is smaller than the input port (32 bits) it drives.  Extra input bit(s) "source3[31..2]" will be connected to GND. ;
; source3 ; Input ; Info     ; Stuck at GND                                                                                                                                      ;
+---------+-------+----------+---------------------------------------------------------------------------------------------------------------------------------------------------+


+------------------------------------------------------------------------------------------------+
; Port Connectivity Checks: "cpu:cpu_instance|ID:id_stage|selector_2x32:alu_parameter_selector1" ;
+----------------+-------+----------+------------------------------------------------------------+
; Port           ; Type  ; Severity ; Details                                                    ;
+----------------+-------+----------+------------------------------------------------------------+
; source1[31..5] ; Input ; Info     ; Stuck at GND                                               ;
+----------------+-------+----------+------------------------------------------------------------+


+-----------------------------------------------------------------------------------------+
; Port Connectivity Checks: "cpu:cpu_instance|ID:id_stage|selector_4x32:jump_pc_selector" ;
+---------------+-------+----------+------------------------------------------------------+
; Port          ; Type  ; Severity ; Details                                              ;
+---------------+-------+----------+------------------------------------------------------+
; source0       ; Input ; Info     ; Stuck at GND                                         ;
; source2[1..0] ; Input ; Info     ; Stuck at GND                                         ;
+---------------+-------+----------+------------------------------------------------------+


+--------------------------------------------------------------------------------------------------------------------------------------------------------------------------------+
; Port Connectivity Checks: "cpu:cpu_instance|selector_4x32:forward_data_selector"                                                                                               ;
+---------+-------+----------+---------------------------------------------------------------------------------------------------------------------------------------------------+
; Port    ; Type  ; Severity ; Details                                                                                                                                           ;
+---------+-------+----------+---------------------------------------------------------------------------------------------------------------------------------------------------+
; source3 ; Input ; Warning  ; Input port expression (2 bits) is smaller than the input port (32 bits) it drives.  Extra input bit(s) "source3[31..2]" will be connected to GND. ;
; source3 ; Input ; Info     ; Stuck at GND                                                                                                                                      ;
+---------+-------+----------+---------------------------------------------------------------------------------------------------------------------------------------------------+


+-------------------------------+
; Elapsed Time Per Partition    ;
+----------------+--------------+
; Partition Name ; Elapsed Time ;
+----------------+--------------+
; Top            ; 00:00:04     ;
+----------------+--------------+


+-------------------------------+
; Analysis & Synthesis Messages ;
+-------------------------------+
Info: *******************************************************************
Info: Running Quartus II 64-Bit Analysis & Synthesis
    Info: Version 13.0.0 Build 156 04/24/2013 SJ Web Edition
    Info: Processing started: Wed Jul 01 11:53:44 2020
Info: Command: quartus_map --read_settings_files=on --write_settings_files=off computer -c computer
Warning (20028): Parallel compilation is not licensed and has been disabled
Info (12021): Found 1 design units, including 1 entities, in source file cu.v
    Info (12023): Found entity 1: cu
Info (12021): Found 1 design units, including 1 entities, in source file selector_2x32.v
    Info (12023): Found entity 1: selector_2x32
Info (12021): Found 1 design units, including 1 entities, in source file computer.v
    Info (12023): Found entity 1: computer
Info (12021): Found 1 design units, including 1 entities, in source file data_memory.v
    Info (12023): Found entity 1: data_memory
Info (12021): Found 1 design units, including 1 entities, in source file alu.v
    Info (12023): Found entity 1: alu
Info (12021): Found 1 design units, including 1 entities, in source file io.v
    Info (12023): Found entity 1: io
Info (12021): Found 1 design units, including 1 entities, in source file ram.v
    Info (12023): Found entity 1: ram
Info (12021): Found 1 design units, including 1 entities, in source file cpu.v
    Info (12023): Found entity 1: cpu
Info (12021): Found 1 design units, including 1 entities, in source file instruction_memory.v
    Info (12023): Found entity 1: instruction_memory
Info (12021): Found 1 design units, including 1 entities, in source file rom.v
    Info (12023): Found entity 1: rom
Info (12021): Found 1 design units, including 1 entities, in source file registers.v
    Info (12023): Found entity 1: registers
Info (12021): Found 1 design units, including 1 entities, in source file if.v
    Info (12023): Found entity 1: IF
Info (12021): Found 1 design units, including 1 entities, in source file id.v
    Info (12023): Found entity 1: ID
Info (12021): Found 1 design units, including 1 entities, in source file mem.v
    Info (12023): Found entity 1: MEM
Info (12021): Found 1 design units, including 1 entities, in source file wb.v
    Info (12023): Found entity 1: WB
Info (12021): Found 1 design units, including 1 entities, in source file selector_4x32.v
    Info (12023): Found entity 1: selector_4x32
Info (12021): Found 1 design units, including 1 entities, in source file ex.v
    Info (12023): Found entity 1: EX
Info (12127): Elaborating entity "computer" for the top level hierarchy
Info (12128): Elaborating entity "cpu" for hierarchy "cpu:cpu_instance"
Info (12128): Elaborating entity "IF" for hierarchy "cpu:cpu_instance|IF:if_stage"
Info (12128): Elaborating entity "selector_2x32" for hierarchy "cpu:cpu_instance|IF:if_stage|selector_2x32:selector_instance"
Info (12128): Elaborating entity "instruction_memory" for hierarchy "cpu:cpu_instance|IF:if_stage|instruction_memory:instruction_memory_instance"
Info (12128): Elaborating entity "rom" for hierarchy "cpu:cpu_instance|IF:if_stage|instruction_memory:instruction_memory_instance|rom:rom_instance"
Info (12128): Elaborating entity "altsyncram" for hierarchy "cpu:cpu_instance|IF:if_stage|instruction_memory:instruction_memory_instance|rom:rom_instance|altsyncram:altsyncram_component"
Info (12130): Elaborated megafunction instantiation "cpu:cpu_instance|IF:if_stage|instruction_memory:instruction_memory_instance|rom:rom_instance|altsyncram:altsyncram_component"
Info (12133): Instantiated megafunction "cpu:cpu_instance|IF:if_stage|instruction_memory:instruction_memory_instance|rom:rom_instance|altsyncram:altsyncram_component" with the following parameter:
    Info (12134): Parameter "clock_enable_input_a" = "BYPASS"
    Info (12134): Parameter "clock_enable_output_a" = "BYPASS"
    Info (12134): Parameter "init_file" = "rom.mif"
    Info (12134): Parameter "intended_device_family" = "Cyclone II"
    Info (12134): Parameter "lpm_hint" = "ENABLE_RUNTIME_MOD=NO"
    Info (12134): Parameter "lpm_type" = "altsyncram"
    Info (12134): Parameter "maximum_depth" = "256"
    Info (12134): Parameter "numwords_a" = "64"
    Info (12134): Parameter "operation_mode" = "ROM"
    Info (12134): Parameter "outdata_aclr_a" = "NONE"
    Info (12134): Parameter "outdata_reg_a" = "UNREGISTERED"
    Info (12134): Parameter "ram_block_type" = "M4K"
    Info (12134): Parameter "widthad_a" = "6"
    Info (12134): Parameter "width_a" = "32"
    Info (12134): Parameter "width_byteena_a" = "1"
Info (12021): Found 1 design units, including 1 entities, in source file db/altsyncram_lva1.tdf
    Info (12023): Found entity 1: altsyncram_lva1
Info (12128): Elaborating entity "altsyncram_lva1" for hierarchy "cpu:cpu_instance|IF:if_stage|instruction_memory:instruction_memory_instance|rom:rom_instance|altsyncram:altsyncram_component|altsyncram_lva1:auto_generated"
Info (12128): Elaborating entity "selector_4x32" for hierarchy "cpu:cpu_instance|selector_4x32:forward_data_selector"
Info (12128): Elaborating entity "ID" for hierarchy "cpu:cpu_instance|ID:id_stage"
Warning (10230): Verilog HDL assignment warning at id.v(79): truncated value with size 32 to match size of target (4)
Warning (10230): Verilog HDL assignment warning at id.v(82): truncated value with size 32 to match size of target (1)
Warning (10230): Verilog HDL assignment warning at id.v(83): truncated value with size 32 to match size of target (1)
Warning (10230): Verilog HDL assignment warning at id.v(84): truncated value with size 32 to match size of target (1)
Warning (10230): Verilog HDL assignment warning at id.v(85): truncated value with size 32 to match size of target (1)
Warning (10230): Verilog HDL assignment warning at id.v(86): truncated value with size 32 to match size of target (5)
Info (12128): Elaborating entity "registers" for hierarchy "cpu:cpu_instance|ID:id_stage|registers:registers_instance"
Info (12128): Elaborating entity "cu" for hierarchy "cpu:cpu_instance|ID:id_stage|cu:cu_instance"
Info (12128): Elaborating entity "EX" for hierarchy "cpu:cpu_instance|EX:ex_stage"
Info (12128): Elaborating entity "alu" for hierarchy "cpu:cpu_instance|EX:ex_stage|alu:alu_instance"
Warning (10235): Verilog HDL Always Construct warning at alu.v(25): variable "result" is read inside the Always Construct but isn't in the Always Construct's Event Control
Info (12128): Elaborating entity "MEM" for hierarchy "cpu:cpu_instance|MEM:mem_stage"
Info (12128): Elaborating entity "data_memory" for hierarchy "cpu:cpu_instance|MEM:mem_stage|data_memory:data_memory_instance"
Info (12128): Elaborating entity "io" for hierarchy "cpu:cpu_instance|MEM:mem_stage|data_memory:data_memory_instance|io:io_instance"
Warning (10034): Output port "output_data" at io.v(4) has no driver
Info (12128): Elaborating entity "ram" for hierarchy "cpu:cpu_instance|MEM:mem_stage|data_memory:data_memory_instance|ram:ram_instance"
Info (12128): Elaborating entity "altsyncram" for hierarchy "cpu:cpu_instance|MEM:mem_stage|data_memory:data_memory_instance|ram:ram_instance|altsyncram:altsyncram_component"
Info (12130): Elaborated megafunction instantiation "cpu:cpu_instance|MEM:mem_stage|data_memory:data_memory_instance|ram:ram_instance|altsyncram:altsyncram_component"
Info (12133): Instantiated megafunction "cpu:cpu_instance|MEM:mem_stage|data_memory:data_memory_instance|ram:ram_instance|altsyncram:altsyncram_component" with the following parameter:
    Info (12134): Parameter "clock_enable_input_a" = "BYPASS"
    Info (12134): Parameter "clock_enable_output_a" = "BYPASS"
    Info (12134): Parameter "init_file" = "ram.mif"
    Info (12134): Parameter "intended_device_family" = "Cyclone II"
    Info (12134): Parameter "lpm_hint" = "ENABLE_RUNTIME_MOD=NO"
    Info (12134): Parameter "lpm_type" = "altsyncram"
    Info (12134): Parameter "numwords_a" = "32"
    Info (12134): Parameter "operation_mode" = "SINGLE_PORT"
    Info (12134): Parameter "outdata_aclr_a" = "NONE"
    Info (12134): Parameter "outdata_reg_a" = "UNREGISTERED"
    Info (12134): Parameter "power_up_uninitialized" = "FALSE"
    Info (12134): Parameter "ram_block_type" = "M4K"
    Info (12134): Parameter "widthad_a" = "5"
    Info (12134): Parameter "width_a" = "32"
    Info (12134): Parameter "width_byteena_a" = "1"
Info (12021): Found 1 design units, including 1 entities, in source file db/altsyncram_oee1.tdf
    Info (12023): Found entity 1: altsyncram_oee1
Info (12128): Elaborating entity "altsyncram_oee1" for hierarchy "cpu:cpu_instance|MEM:mem_stage|data_memory:data_memory_instance|ram:ram_instance|altsyncram:altsyncram_component|altsyncram_oee1:auto_generated"
Info (12128): Elaborating entity "WB" for hierarchy "cpu:cpu_instance|WB:wb_stage"
Warning (12241): 2 hierarchies have connectivity warnings - see the Connectivity Checks report folder
Info (13000): Registers with preset signals will power-up high
Info (13003): DEV_CLRn pin will set, and not reset, register with preset signal due to NOT Gate Push-Back
Info (16010): Generating hard_block partition "hard_block:auto_generated_inst"
    Info (16011): Adding 0 node(s), including 0 DDIO, 0 PLL, 0 transceiver and 0 LCELL
Info (21057): Implemented 4161 device resources after synthesis - the final resource count might be different
    Info (21058): Implemented 2 input pins
    Info (21059): Implemented 64 output pins
    Info (21061): Implemented 4031 logic cells
    Info (21064): Implemented 64 RAM segments
Info: Quartus II 64-Bit Analysis & Synthesis was successful. 0 errors, 10 warnings
    Info: Peak virtual memory: 4625 megabytes
    Info: Processing ended: Wed Jul 01 11:53:50 2020
    Info: Elapsed time: 00:00:06
    Info: Total CPU time (on all processors): 00:00:06


